d:\users\roel\documents\visual studio 2013\projects\deltaproject\deltaproject\debug\vc120.pdb
d:\users\roel\documents\visual studio 2013\projects\deltaproject\deltaproject\debug\vc120.idb
d:\users\roel\documents\visual studio 2013\projects\deltaproject\deltaproject\debug\main.obj
d:\users\roel\documents\visual studio 2013\projects\deltaproject\debug\deltaproject.pdb
d:\users\roel\documents\visual studio 2013\projects\deltaproject\deltaproject\debug\deltaproject.tlog\cl.command.1.tlog
d:\users\roel\documents\visual studio 2013\projects\deltaproject\deltaproject\debug\deltaproject.tlog\cl.read.1.tlog
d:\users\roel\documents\visual studio 2013\projects\deltaproject\deltaproject\debug\deltaproject.tlog\cl.write.1.tlog
d:\users\roel\documents\visual studio 2013\projects\deltaproject\deltaproject\debug\deltaproject.tlog\link-cvtres.read.1.tlog
d:\users\roel\documents\visual studio 2013\projects\deltaproject\deltaproject\debug\deltaproject.tlog\link-cvtres.write.1.tlog
d:\users\roel\documents\visual studio 2013\projects\deltaproject\deltaproject\debug\deltaproject.tlog\link-rc.read.1.tlog
d:\users\roel\documents\visual studio 2013\projects\deltaproject\deltaproject\debug\deltaproject.tlog\link-rc.write.1.tlog
d:\users\roel\documents\visual studio 2013\projects\deltaproject\deltaproject\debug\deltaproject.tlog\link.3956-cvtres.read.1.tlog
d:\users\roel\documents\visual studio 2013\projects\deltaproject\deltaproject\debug\deltaproject.tlog\link.3956-cvtres.write.1.tlog
d:\users\roel\documents\visual studio 2013\projects\deltaproject\deltaproject\debug\deltaproject.tlog\link.3956-rc.read.1.tlog
d:\users\roel\documents\visual studio 2013\projects\deltaproject\deltaproject\debug\deltaproject.tlog\link.3956-rc.write.1.tlog
d:\users\roel\documents\visual studio 2013\projects\deltaproject\deltaproject\debug\deltaproject.tlog\link.3956.read.1.tlog
d:\users\roel\documents\visual studio 2013\projects\deltaproject\deltaproject\debug\deltaproject.tlog\link.3956.write.1.tlog
d:\users\roel\documents\visual studio 2013\projects\deltaproject\deltaproject\debug\deltaproject.tlog\link.command.1.tlog
d:\users\roel\documents\visual studio 2013\projects\deltaproject\deltaproject\debug\deltaproject.tlog\link.read.1.tlog
d:\users\roel\documents\visual studio 2013\projects\deltaproject\deltaproject\debug\deltaproject.tlog\link.write.1.tlog
