Build started 1-9-2015 22:51:57.
     1>Project "d:\Users\Roel\documents\visual studio 2013\Projects\deltaProject\deltaProject\deltaProject.vcxproj" on node 2 (Build target(s)).
     1>Link:
         E:\Visual Studio Ultiemate 2013\VC\bin\link.exe /ERRORREPORT:PROMPT /OUT:"d:\users\roel\documents\visual studio 2013\Projects\deltaProject\Debug\deltaProject.exe" /INCREMENTAL /NOLOGO /LIBPATH:"d:\Users\Roel\documents\visual studio 2013\Projects\deltaProject\deltaProject\Libraries\SDL2-2.0.3\lib\x86" /LIBPATH:"d:\Users\Roel\documents\visual studio 2013\Projects\deltaProject\deltaProject\Libraries\SDL2_mixer-2.0.0\lib\x86" /LIBPATH:"d:\Users\Roel\documents\visual studio 2013\Projects\deltaProject\deltaProject\Libraries\SDL2_image-2.0.0\lib\x86" SDL2main.lib SDL2.lib SDL2_mixer.lib SDL2_image.lib kernel32.lib user32.lib gdi32.lib winspool.lib comdlg32.lib advapi32.lib shell32.lib ole32.lib oleaut32.lib uuid.lib odbc32.lib odbccp32.lib /MANIFEST /MANIFESTUAC:"level='asInvoker' uiAccess='false'" /manifest:embed /DEBUG /PDB:"d:\users\roel\documents\visual studio 2013\Projects\deltaProject\Debug\deltaProject.pdb" /SUBSYSTEM:CONSOLE /TLBID:1 /DYNAMICBASE /NXCOMPAT /IMPLIB:"d:\users\roel\documents\visual studio 2013\Projects\deltaProject\Debug\deltaProject.lib" /MACHINE:X86 Debug\main.obj
     1>MSVCRTD.lib(cinitexe.obj) : warning LNK4098: defaultlib 'msvcrt.lib' conflicts with use of other libs; use /NODEFAULTLIB:library
         deltaProject.vcxproj -> d:\users\roel\documents\visual studio 2013\Projects\deltaProject\Debug\deltaProject.exe
       PostBuildEvent:
         copy "d:\Users\Roel\documents\visual studio 2013\Projects\deltaProject\deltaProject\Libraries\SDL2-2.0.3\lib\x86\*" "d:\users\roel\documents\visual studio 2013\Projects\deltaProject\Debug\*"
         copy "d:\Users\Roel\documents\visual studio 2013\Projects\deltaProject\deltaProject\Libraries\SDL2_mixer-2.0.0\lib\x86\*" "d:\users\roel\documents\visual studio 2013\Projects\deltaProject\Debug\*"
         copy "d:\Users\Roel\documents\visual studio 2013\Projects\deltaProject\deltaProject\Libraries\SDL2_image-2.0.0\lib\x86\*" "d:\users\roel\documents\visual studio 2013\Projects\deltaProject\Debug\*"
         :VCEnd
         d:\Users\Roel\documents\visual studio 2013\Projects\deltaProject\deltaProject\Libraries\SDL2-2.0.3\lib\x86\SDL2.dll
         d:\Users\Roel\documents\visual studio 2013\Projects\deltaProject\deltaProject\Libraries\SDL2-2.0.3\lib\x86\SDL2.lib
         d:\Users\Roel\documents\visual studio 2013\Projects\deltaProject\deltaProject\Libraries\SDL2-2.0.3\lib\x86\SDL2main.lib
         d:\Users\Roel\documents\visual studio 2013\Projects\deltaProject\deltaProject\Libraries\SDL2-2.0.3\lib\x86\SDL2test.lib
                 4 file(s) copied.
         d:\Users\Roel\documents\visual studio 2013\Projects\deltaProject\deltaProject\Libraries\SDL2_mixer-2.0.0\lib\x86\libFLAC-8.dll
         d:\Users\Roel\documents\visual studio 2013\Projects\deltaProject\deltaProject\Libraries\SDL2_mixer-2.0.0\lib\x86\libmikmod-2.dll
         d:\Users\Roel\documents\visual studio 2013\Projects\deltaProject\deltaProject\Libraries\SDL2_mixer-2.0.0\lib\x86\libmodplug-1.dll
         d:\Users\Roel\documents\visual studio 2013\Projects\deltaProject\deltaProject\Libraries\SDL2_mixer-2.0.0\lib\x86\libogg-0.dll
         d:\Users\Roel\documents\visual studio 2013\Projects\deltaProject\deltaProject\Libraries\SDL2_mixer-2.0.0\lib\x86\libvorbis-0.dll
         d:\Users\Roel\documents\visual studio 2013\Projects\deltaProject\deltaProject\Libraries\SDL2_mixer-2.0.0\lib\x86\libvorbisfile-3.dll
         d:\Users\Roel\documents\visual studio 2013\Projects\deltaProject\deltaProject\Libraries\SDL2_mixer-2.0.0\lib\x86\LICENSE.FLAC.txt
         d:\Users\Roel\documents\visual studio 2013\Projects\deltaProject\deltaProject\Libraries\SDL2_mixer-2.0.0\lib\x86\LICENSE.mikmod.txt
         d:\Users\Roel\documents\visual studio 2013\Projects\deltaProject\deltaProject\Libraries\SDL2_mixer-2.0.0\lib\x86\LICENSE.modplug.txt
         d:\Users\Roel\documents\visual studio 2013\Projects\deltaProject\deltaProject\Libraries\SDL2_mixer-2.0.0\lib\x86\LICENSE.ogg-vorbis.txt
         d:\Users\Roel\documents\visual studio 2013\Projects\deltaProject\deltaProject\Libraries\SDL2_mixer-2.0.0\lib\x86\LICENSE.smpeg.txt
         d:\Users\Roel\documents\visual studio 2013\Projects\deltaProject\deltaProject\Libraries\SDL2_mixer-2.0.0\lib\x86\SDL2_mixer.dll
         d:\Users\Roel\documents\visual studio 2013\Projects\deltaProject\deltaProject\Libraries\SDL2_mixer-2.0.0\lib\x86\SDL2_mixer.lib
         d:\Users\Roel\documents\visual studio 2013\Projects\deltaProject\deltaProject\Libraries\SDL2_mixer-2.0.0\lib\x86\smpeg2.dll
                14 file(s) copied.
         d:\Users\Roel\documents\visual studio 2013\Projects\deltaProject\deltaProject\Libraries\SDL2_image-2.0.0\lib\x86\libjpeg-9.dll
         d:\Users\Roel\documents\visual studio 2013\Projects\deltaProject\deltaProject\Libraries\SDL2_image-2.0.0\lib\x86\libpng16-16.dll
         d:\Users\Roel\documents\visual studio 2013\Projects\deltaProject\deltaProject\Libraries\SDL2_image-2.0.0\lib\x86\libtiff-5.dll
         d:\Users\Roel\documents\visual studio 2013\Projects\deltaProject\deltaProject\Libraries\SDL2_image-2.0.0\lib\x86\libwebp-4.dll
         d:\Users\Roel\documents\visual studio 2013\Projects\deltaProject\deltaProject\Libraries\SDL2_image-2.0.0\lib\x86\LICENSE.jpeg.txt
         d:\Users\Roel\documents\visual studio 2013\Projects\deltaProject\deltaProject\Libraries\SDL2_image-2.0.0\lib\x86\LICENSE.png.txt
         d:\Users\Roel\documents\visual studio 2013\Projects\deltaProject\deltaProject\Libraries\SDL2_image-2.0.0\lib\x86\LICENSE.tiff.txt
         d:\Users\Roel\documents\visual studio 2013\Projects\deltaProject\deltaProject\Libraries\SDL2_image-2.0.0\lib\x86\LICENSE.webp.txt
         d:\Users\Roel\documents\visual studio 2013\Projects\deltaProject\deltaProject\Libraries\SDL2_image-2.0.0\lib\x86\LICENSE.zlib.txt
         d:\Users\Roel\documents\visual studio 2013\Projects\deltaProject\deltaProject\Libraries\SDL2_image-2.0.0\lib\x86\SDL2_image.dll
         d:\Users\Roel\documents\visual studio 2013\Projects\deltaProject\deltaProject\Libraries\SDL2_image-2.0.0\lib\x86\SDL2_image.lib
         d:\Users\Roel\documents\visual studio 2013\Projects\deltaProject\deltaProject\Libraries\SDL2_image-2.0.0\lib\x86\zlib1.dll
                12 file(s) copied.
     1>Done Building Project "d:\Users\Roel\documents\visual studio 2013\Projects\deltaProject\deltaProject\deltaProject.vcxproj" (Build target(s)).

Build succeeded.

Time Elapsed 00:00:00.48
