Build started 28-9-2015 17:16:58.
     1>Project "D:\Users\Roel\Google Drive\Projects\GameDev\GameDev\GameDev.vcxproj" on node 2 (Build target(s)).
     1>C:\Program Files (x86)\MSBuild\Microsoft.Cpp\v4.0\V120\Microsoft.CppBuild.targets(388,5): warning MSB8028: The intermediate directory (Debug\) contains files shared from another project (deltaProject.vcxproj).  This can lead to incorrect clean and rebuild behavior.
     1>ClCompile:
         F:\Visual Studio 2013\VC\bin\CL.exe /c /I"D:\Users\Roel\Google Drive\Projects\GameDev\GameDev\Libraries\SDL2-2.0.3\include" /I"D:\Users\Roel\Google Drive\Projects\GameDev\GameDev\Libraries\SDL2_mixer-2.0.0\include" /I"D:\Users\Roel\Google Drive\Projects\GameDev\GameDev\Libraries\SDL2_image-2.0.0\include" /ZI /nologo /W3 /WX- /Od /Oy- /D WIN32 /D _DEBUG /D _CONSOLE /D _LIB /D _UNICODE /D UNICODE /Gm /EHsc /RTC1 /MDd /GS /fp:precise /Zc:wchar_t /Zc:forScope /Fo"Debug\\" /Fd"Debug\vc120.pdb" /Gd /TP /analyze- /errorReport:prompt main.cpp
         main.cpp
       Link:
         F:\Visual Studio 2013\VC\bin\link.exe /ERRORREPORT:PROMPT /OUT:"D:\Users\Roel\Google Drive\Projects\GameDev\Debug\GameDev.exe" /INCREMENTAL /NOLOGO /LIBPATH:"D:\Users\Roel\Google Drive\Projects\GameDev\GameDev\Libraries\SDL2-2.0.3\lib\x86" /LIBPATH:"D:\Users\Roel\Google Drive\Projects\GameDev\GameDev\Libraries\SDL2_mixer-2.0.0\lib\x86" /LIBPATH:"D:\Users\Roel\Google Drive\Projects\GameDev\GameDev\Libraries\SDL2_image-2.0.0\lib\x86" SDL2main.lib SDL2.lib SDL2_mixer.lib SDL2_image.lib kernel32.lib user32.lib gdi32.lib winspool.lib comdlg32.lib advapi32.lib shell32.lib ole32.lib oleaut32.lib uuid.lib odbc32.lib odbccp32.lib /MANIFEST /MANIFESTUAC:"level='asInvoker' uiAccess='false'" /manifest:embed /DEBUG /PDB:"D:\Users\Roel\Google Drive\Projects\GameDev\Debug\GameDev.pdb" /SUBSYSTEM:CONSOLE /TLBID:1 /DYNAMICBASE /NXCOMPAT /IMPLIB:"D:\Users\Roel\Google Drive\Projects\GameDev\Debug\GameDev.lib" /MACHINE:X86 Debug\main.obj
     1>MSVCRTD.lib(cinitexe.obj) : warning LNK4098: defaultlib 'msvcrt.lib' conflicts with use of other libs; use /NODEFAULTLIB:library
         GameDev.vcxproj -> D:\Users\Roel\Google Drive\Projects\GameDev\Debug\GameDev.exe
       PostBuildEvent:
         copy "D:\Users\Roel\Google Drive\Projects\GameDev\GameDev\Libraries\SDL2-2.0.3\lib\x86\*" "D:\Users\Roel\Google Drive\Projects\GameDev\Debug\*"
         copy "D:\Users\Roel\Google Drive\Projects\GameDev\GameDev\Libraries\SDL2_mixer-2.0.0\lib\x86\*" "D:\Users\Roel\Google Drive\Projects\GameDev\Debug\*"
         copy "D:\Users\Roel\Google Drive\Projects\GameDev\GameDev\Libraries\SDL2_image-2.0.0\lib\x86\*" "D:\Users\Roel\Google Drive\Projects\GameDev\Debug\*"
         :VCEnd
         D:\Users\Roel\Google Drive\Projects\GameDev\GameDev\Libraries\SDL2-2.0.3\lib\x86\SDL2.dll
         D:\Users\Roel\Google Drive\Projects\GameDev\GameDev\Libraries\SDL2-2.0.3\lib\x86\SDL2.lib
         D:\Users\Roel\Google Drive\Projects\GameDev\GameDev\Libraries\SDL2-2.0.3\lib\x86\SDL2main.lib
         D:\Users\Roel\Google Drive\Projects\GameDev\GameDev\Libraries\SDL2-2.0.3\lib\x86\SDL2test.lib
                 4 file(s) copied.
         D:\Users\Roel\Google Drive\Projects\GameDev\GameDev\Libraries\SDL2_mixer-2.0.0\lib\x86\libFLAC-8.dll
         D:\Users\Roel\Google Drive\Projects\GameDev\GameDev\Libraries\SDL2_mixer-2.0.0\lib\x86\libmikmod-2.dll
         D:\Users\Roel\Google Drive\Projects\GameDev\GameDev\Libraries\SDL2_mixer-2.0.0\lib\x86\libmodplug-1.dll
         D:\Users\Roel\Google Drive\Projects\GameDev\GameDev\Libraries\SDL2_mixer-2.0.0\lib\x86\libogg-0.dll
         D:\Users\Roel\Google Drive\Projects\GameDev\GameDev\Libraries\SDL2_mixer-2.0.0\lib\x86\libvorbis-0.dll
         D:\Users\Roel\Google Drive\Projects\GameDev\GameDev\Libraries\SDL2_mixer-2.0.0\lib\x86\libvorbisfile-3.dll
         D:\Users\Roel\Google Drive\Projects\GameDev\GameDev\Libraries\SDL2_mixer-2.0.0\lib\x86\LICENSE.FLAC.txt
         D:\Users\Roel\Google Drive\Projects\GameDev\GameDev\Libraries\SDL2_mixer-2.0.0\lib\x86\LICENSE.mikmod.txt
         D:\Users\Roel\Google Drive\Projects\GameDev\GameDev\Libraries\SDL2_mixer-2.0.0\lib\x86\LICENSE.modplug.txt
         D:\Users\Roel\Google Drive\Projects\GameDev\GameDev\Libraries\SDL2_mixer-2.0.0\lib\x86\LICENSE.ogg-vorbis.txt
         D:\Users\Roel\Google Drive\Projects\GameDev\GameDev\Libraries\SDL2_mixer-2.0.0\lib\x86\LICENSE.smpeg.txt
         D:\Users\Roel\Google Drive\Projects\GameDev\GameDev\Libraries\SDL2_mixer-2.0.0\lib\x86\SDL2_mixer.dll
         D:\Users\Roel\Google Drive\Projects\GameDev\GameDev\Libraries\SDL2_mixer-2.0.0\lib\x86\SDL2_mixer.lib
         D:\Users\Roel\Google Drive\Projects\GameDev\GameDev\Libraries\SDL2_mixer-2.0.0\lib\x86\smpeg2.dll
                14 file(s) copied.
         D:\Users\Roel\Google Drive\Projects\GameDev\GameDev\Libraries\SDL2_image-2.0.0\lib\x86\libjpeg-9.dll
         D:\Users\Roel\Google Drive\Projects\GameDev\GameDev\Libraries\SDL2_image-2.0.0\lib\x86\libpng16-16.dll
         D:\Users\Roel\Google Drive\Projects\GameDev\GameDev\Libraries\SDL2_image-2.0.0\lib\x86\libtiff-5.dll
         D:\Users\Roel\Google Drive\Projects\GameDev\GameDev\Libraries\SDL2_image-2.0.0\lib\x86\libwebp-4.dll
         D:\Users\Roel\Google Drive\Projects\GameDev\GameDev\Libraries\SDL2_image-2.0.0\lib\x86\LICENSE.jpeg.txt
         D:\Users\Roel\Google Drive\Projects\GameDev\GameDev\Libraries\SDL2_image-2.0.0\lib\x86\LICENSE.png.txt
         D:\Users\Roel\Google Drive\Projects\GameDev\GameDev\Libraries\SDL2_image-2.0.0\lib\x86\LICENSE.tiff.txt
         D:\Users\Roel\Google Drive\Projects\GameDev\GameDev\Libraries\SDL2_image-2.0.0\lib\x86\LICENSE.webp.txt
         D:\Users\Roel\Google Drive\Projects\GameDev\GameDev\Libraries\SDL2_image-2.0.0\lib\x86\LICENSE.zlib.txt
         D:\Users\Roel\Google Drive\Projects\GameDev\GameDev\Libraries\SDL2_image-2.0.0\lib\x86\SDL2_image.dll
         D:\Users\Roel\Google Drive\Projects\GameDev\GameDev\Libraries\SDL2_image-2.0.0\lib\x86\SDL2_image.lib
         D:\Users\Roel\Google Drive\Projects\GameDev\GameDev\Libraries\SDL2_image-2.0.0\lib\x86\zlib1.dll
                12 file(s) copied.
     1>Done Building Project "D:\Users\Roel\Google Drive\Projects\GameDev\GameDev\GameDev.vcxproj" (Build target(s)).

Build succeeded.

Time Elapsed 00:00:03.63
